The system is: Linux - 5.4.83-v8 - aarch64
Compiling the C compiler identification source file "CMakeCCompilerId.c" succeeded.
Compiler: /usr/bin/cc 
Build flags: 
Id flags:  

The output was:
0


Compilation of the C compiler identification source "CMakeCCompilerId.c" produced "a.out"

The C compiler identification is GNU, found in "/home/pi/Freertos/CMakeFiles/3.16.5/CompilerIdC/a.out"

Determining if the C compiler works passed with the following output:
Change Dir: /home/pi/Freertos/CMakeFiles/CMakeTmp

Run Build Command(s):/usr/bin/make cmTC_d0e45/fast && /usr/bin/make -f CMakeFiles/cmTC_d0e45.dir/build.make CMakeFiles/cmTC_d0e45.dir/build
make[1]: Entering directory '/home/pi/Freertos/CMakeFiles/CMakeTmp'
Building C object CMakeFiles/cmTC_d0e45.dir/testCCompiler.c.o
/usr/bin/cc    -o CMakeFiles/cmTC_d0e45.dir/testCCompiler.c.o   -c /home/pi/Freertos/CMakeFiles/CMakeTmp/testCCompiler.c
Linking C executable cmTC_d0e45
/usr/bin/cmake -E cmake_link_script CMakeFiles/cmTC_d0e45.dir/link.txt --verbose=1
/usr/bin/cc      -rdynamic CMakeFiles/cmTC_d0e45.dir/testCCompiler.c.o  -o cmTC_d0e45 
make[1]: Leaving directory '/home/pi/Freertos/CMakeFiles/CMakeTmp'



Detecting C compiler ABI info compiled with the following output:
Change Dir: /home/pi/Freertos/CMakeFiles/CMakeTmp

Run Build Command(s):/usr/bin/make cmTC_8d072/fast && /usr/bin/make -f CMakeFiles/cmTC_8d072.dir/build.make CMakeFiles/cmTC_8d072.dir/build
make[1]: Entering directory '/home/pi/Freertos/CMakeFiles/CMakeTmp'
Building C object CMakeFiles/cmTC_8d072.dir/CMakeCCompilerABI.c.o
/usr/bin/cc   -v -o CMakeFiles/cmTC_8d072.dir/CMakeCCompilerABI.c.o   -c /usr/share/cmake-3.16/Modules/CMakeCCompilerABI.c
Using built-in specs.
COLLECT_GCC=/usr/bin/cc
Target: aarch64-poky-linux
Configured with: ../../../../../../work-shared/gcc-9.3.0-r0/gcc-9.3.0/configure --build=x86_64-linux --host=aarch64-poky-linux --target=aarch64-poky-linux --prefix=/usr --exec_prefix=/usr --bindir=/usr/bin --sbindir=/usr/sbin --libexecdir=/usr/libexec --datadir=/usr/share --sysconfdir=/etc --sharedstatedir=/com --localstatedir=/var --libdir=/usr/lib --includedir=/usr/include --oldincludedir=/usr/include --infodir=/usr/share/info --mandir=/usr/share/man --disable-silent-rules --disable-dependency-tracking --with-libtool-sysroot=/ --with-gnu-ld --enable-shared --enable-languages=c,c++ --enable-threads=posix --enable-multilib --enable-default-pie --enable-c99 --enable-long-long --enable-symvers=gnu --enable-libstdcxx-pch --program-prefix=aarch64-poky-linux- --without-local-prefix --disable-install-libiberty --enable-lto --disable-libssp --enable-libitm --disable-bootstrap --disable-libmudflap --with-system-zlib --with-linker-hash-style=gnu --enable-linker-build-id --with-ppl=no --with-cloog=no --enable-checking=release --enable-cheaders=c_global --without-isl --with-build-sysroot=/ --disable-static --enable-nls --with-glibc-version=2.28 --enable-initfini-array --enable-__cxa_atexit
Thread model: posix
gcc version 9.3.0 (GCC) 
COLLECT_GCC_OPTIONS='-v' '-o' 'CMakeFiles/cmTC_8d072.dir/CMakeCCompilerABI.c.o' '-c' '-mlittle-endian' '-mabi=lp64'
 /usr/libexec/gcc/aarch64-poky-linux/9.3.0/cc1 -quiet -v /usr/share/cmake-3.16/Modules/CMakeCCompilerABI.c -quiet -dumpbase CMakeCCompilerABI.c -mlittle-endian -mabi=lp64 -auxbase-strip CMakeFiles/cmTC_8d072.dir/CMakeCCompilerABI.c.o -version -o /tmp/cchnespn.s
GNU C17 (GCC) version 9.3.0 (aarch64-poky-linux)
	compiled by GNU C version 9.3.0, GMP version 6.2.0, MPFR version 4.0.2, MPC version 1.1.0, isl version none
GGC heuristics: --param ggc-min-expand=100 --param ggc-min-heapsize=131072
ignoring nonexistent directory "/usr/lib/aarch64-poky-linux/9.3.0/include"
ignoring nonexistent directory "/usr/local/include"
ignoring nonexistent directory "/usr/lib/gcc/aarch64-poky-linux/9.3.0/../../../../aarch64-poky-linux/include"
#include "..." search starts here:
#include <...> search starts here:
 /usr/lib/gcc/aarch64-poky-linux/9.3.0/include
 /usr/lib/gcc/aarch64-poky-linux/9.3.0/include-fixed
 /usr/include
End of search list.
GNU C17 (GCC) version 9.3.0 (aarch64-poky-linux)
	compiled by GNU C version 9.3.0, GMP version 6.2.0, MPFR version 4.0.2, MPC version 1.1.0, isl version none
GGC heuristics: --param ggc-min-expand=100 --param ggc-min-heapsize=131072
Compiler executable checksum: 84119ba022179a7c71d1b7bf43b90fc1
COLLECT_GCC_OPTIONS='-v' '-o' 'CMakeFiles/cmTC_8d072.dir/CMakeCCompilerABI.c.o' '-c' '-mlittle-endian' '-mabi=lp64'
 /usr/lib/gcc/aarch64-poky-linux/9.3.0/../../../../aarch64-poky-linux/bin/as -v -EL -mabi=lp64 -o CMakeFiles/cmTC_8d072.dir/CMakeCCompilerABI.c.o /tmp/cchnespn.s
GNU assembler version 2.34.0 (aarch64-poky-linux) using BFD version (GNU Binutils) 2.34.0.20200220
COMPILER_PATH=/usr/libexec/gcc/aarch64-poky-linux/9.3.0/:/usr/libexec/gcc/aarch64-poky-linux/9.3.0/:/usr/libexec/gcc/aarch64-poky-linux/:/usr/lib/gcc/aarch64-poky-linux/9.3.0/:/usr/lib/gcc/aarch64-poky-linux/:/usr/lib/gcc/aarch64-poky-linux/9.3.0/../../../../aarch64-poky-linux/bin/
LIBRARY_PATH=/usr/lib/gcc/aarch64-poky-linux/9.3.0/:/usr/lib/gcc/aarch64-poky-linux/9.3.0/../../../aarch64-poky-linux/9.3.0/:/usr/lib/gcc/aarch64-poky-linux/9.3.0/../../../:/lib/:/usr/lib/aarch64-poky-linux/9.3.0/:/usr/lib/
COLLECT_GCC_OPTIONS='-v' '-o' 'CMakeFiles/cmTC_8d072.dir/CMakeCCompilerABI.c.o' '-c' '-mlittle-endian' '-mabi=lp64'
Linking C executable cmTC_8d072
/usr/bin/cmake -E cmake_link_script CMakeFiles/cmTC_8d072.dir/link.txt --verbose=1
/usr/bin/cc     -v -rdynamic CMakeFiles/cmTC_8d072.dir/CMakeCCompilerABI.c.o  -o cmTC_8d072 
Using built-in specs.
COLLECT_GCC=/usr/bin/cc
COLLECT_LTO_WRAPPER=/usr/libexec/gcc/aarch64-poky-linux/9.3.0/lto-wrapper
Target: aarch64-poky-linux
Configured with: ../../../../../../work-shared/gcc-9.3.0-r0/gcc-9.3.0/configure --build=x86_64-linux --host=aarch64-poky-linux --target=aarch64-poky-linux --prefix=/usr --exec_prefix=/usr --bindir=/usr/bin --sbindir=/usr/sbin --libexecdir=/usr/libexec --datadir=/usr/share --sysconfdir=/etc --sharedstatedir=/com --localstatedir=/var --libdir=/usr/lib --includedir=/usr/include --oldincludedir=/usr/include --infodir=/usr/share/info --mandir=/usr/share/man --disable-silent-rules --disable-dependency-tracking --with-libtool-sysroot=/ --with-gnu-ld --enable-shared --enable-languages=c,c++ --enable-threads=posix --enable-multilib --enable-default-pie --enable-c99 --enable-long-long --enable-symvers=gnu --enable-libstdcxx-pch --program-prefix=aarch64-poky-linux- --without-local-prefix --disable-install-libiberty --enable-lto --disable-libssp --enable-libitm --disable-bootstrap --disable-libmudflap --with-system-zlib --with-linker-hash-style=gnu --enable-linker-build-id --with-ppl=no --with-cloog=no --enable-checking=release --enable-cheaders=c_global --without-isl --with-build-sysroot=/ --disable-static --enable-nls --with-glibc-version=2.28 --enable-initfini-array --enable-__cxa_atexit
Thread model: posix
gcc version 9.3.0 (GCC) 
COMPILER_PATH=/usr/libexec/gcc/aarch64-poky-linux/9.3.0/:/usr/libexec/gcc/aarch64-poky-linux/9.3.0/:/usr/libexec/gcc/aarch64-poky-linux/:/usr/lib/gcc/aarch64-poky-linux/9.3.0/:/usr/lib/gcc/aarch64-poky-linux/:/usr/lib/gcc/aarch64-poky-linux/9.3.0/../../../../aarch64-poky-linux/bin/
LIBRARY_PATH=/usr/lib/gcc/aarch64-poky-linux/9.3.0/:/usr/lib/gcc/aarch64-poky-linux/9.3.0/../../../aarch64-poky-linux/9.3.0/:/usr/lib/gcc/aarch64-poky-linux/9.3.0/../../../:/lib/:/usr/lib/aarch64-poky-linux/9.3.0/:/usr/lib/
COLLECT_GCC_OPTIONS='-v' '-rdynamic' '-o' 'cmTC_8d072' '-mlittle-endian' '-mabi=lp64'
 /usr/libexec/gcc/aarch64-poky-linux/9.3.0/collect2 -plugin /usr/libexec/gcc/aarch64-poky-linux/9.3.0/liblto_plugin.so -plugin-opt=/usr/libexec/gcc/aarch64-poky-linux/9.3.0/lto-wrapper -plugin-opt=-fresolution=/tmp/ccM2Ts7L.res -plugin-opt=-pass-through=-lgcc -plugin-opt=-pass-through=-lgcc_s -plugin-opt=-pass-through=-lc -plugin-opt=-pass-through=-lgcc -plugin-opt=-pass-through=-lgcc_s --build-id --eh-frame-hdr --hash-style=gnu -export-dynamic -dynamic-linker /lib/ld-linux-aarch64.so.1 -X -EL -maarch64linux -pie -o cmTC_8d072 /usr/lib/gcc/aarch64-poky-linux/9.3.0/../../../Scrt1.o /usr/lib/gcc/aarch64-poky-linux/9.3.0/../../../crti.o /usr/lib/gcc/aarch64-poky-linux/9.3.0/../../../aarch64-poky-linux/9.3.0/crtbeginS.o -L/usr/lib/gcc/aarch64-poky-linux/9.3.0 -L/usr/lib/gcc/aarch64-poky-linux/9.3.0/../../../aarch64-poky-linux/9.3.0 -L/usr/lib/gcc/aarch64-poky-linux/9.3.0/../../.. -L/usr/lib/aarch64-poky-linux/9.3.0 CMakeFiles/cmTC_8d072.dir/CMakeCCompilerABI.c.o -lgcc --push-state --as-needed -lgcc_s --pop-state -lc -lgcc --push-state --as-needed -lgcc_s --pop-state /usr/lib/gcc/aarch64-poky-linux/9.3.0/../../../aarch64-poky-linux/9.3.0/crtendS.o /usr/lib/gcc/aarch64-poky-linux/9.3.0/../../../crtn.o
COLLECT_GCC_OPTIONS='-v' '-rdynamic' '-o' 'cmTC_8d072' '-mlittle-endian' '-mabi=lp64'
make[1]: Leaving directory '/home/pi/Freertos/CMakeFiles/CMakeTmp'



Parsed C implicit include dir info from above output: rv=done
  found start of include info
  found start of implicit include info
    add: [/usr/lib/gcc/aarch64-poky-linux/9.3.0/include]
    add: [/usr/lib/gcc/aarch64-poky-linux/9.3.0/include-fixed]
    add: [/usr/include]
  end of search list found
  collapse include dir [/usr/lib/gcc/aarch64-poky-linux/9.3.0/include] ==> [/usr/lib/gcc/aarch64-poky-linux/9.3.0/include]
  collapse include dir [/usr/lib/gcc/aarch64-poky-linux/9.3.0/include-fixed] ==> [/usr/lib/gcc/aarch64-poky-linux/9.3.0/include-fixed]
  collapse include dir [/usr/include] ==> [/usr/include]
  implicit include dirs: [/usr/lib/gcc/aarch64-poky-linux/9.3.0/include;/usr/lib/gcc/aarch64-poky-linux/9.3.0/include-fixed;/usr/include]


Parsed C implicit link information from above output:
  link line regex: [^( *|.*[/\])(ld|CMAKE_LINK_STARTFILE-NOTFOUND|([^/\]+-)?ld|collect2)[^/\]*( |$)]
  ignore line: [Change Dir: /home/pi/Freertos/CMakeFiles/CMakeTmp]
  ignore line: []
  ignore line: [Run Build Command(s):/usr/bin/make cmTC_8d072/fast && /usr/bin/make -f CMakeFiles/cmTC_8d072.dir/build.make CMakeFiles/cmTC_8d072.dir/build]
  ignore line: [make[1]: Entering directory '/home/pi/Freertos/CMakeFiles/CMakeTmp']
  ignore line: [Building C object CMakeFiles/cmTC_8d072.dir/CMakeCCompilerABI.c.o]
  ignore line: [/usr/bin/cc   -v -o CMakeFiles/cmTC_8d072.dir/CMakeCCompilerABI.c.o   -c /usr/share/cmake-3.16/Modules/CMakeCCompilerABI.c]
  ignore line: [Using built-in specs.]
  ignore line: [COLLECT_GCC=/usr/bin/cc]
  ignore line: [Target: aarch64-poky-linux]
  ignore line: [Configured with: ../../../../../../work-shared/gcc-9.3.0-r0/gcc-9.3.0/configure --build=x86_64-linux --host=aarch64-poky-linux --target=aarch64-poky-linux --prefix=/usr --exec_prefix=/usr --bindir=/usr/bin --sbindir=/usr/sbin --libexecdir=/usr/libexec --datadir=/usr/share --sysconfdir=/etc --sharedstatedir=/com --localstatedir=/var --libdir=/usr/lib --includedir=/usr/include --oldincludedir=/usr/include --infodir=/usr/share/info --mandir=/usr/share/man --disable-silent-rules --disable-dependency-tracking --with-libtool-sysroot=/ --with-gnu-ld --enable-shared --enable-languages=c,c++ --enable-threads=posix --enable-multilib --enable-default-pie --enable-c99 --enable-long-long --enable-symvers=gnu --enable-libstdcxx-pch --program-prefix=aarch64-poky-linux- --without-local-prefix --disable-install-libiberty --enable-lto --disable-libssp --enable-libitm --disable-bootstrap --disable-libmudflap --with-system-zlib --with-linker-hash-style=gnu --enable-linker-build-id --with-ppl=no --with-cloog=no --enable-checking=release --enable-cheaders=c_global --without-isl --with-build-sysroot=/ --disable-static --enable-nls --with-glibc-version=2.28 --enable-initfini-array --enable-__cxa_atexit]
  ignore line: [Thread model: posix]
  ignore line: [gcc version 9.3.0 (GCC) ]
  ignore line: [COLLECT_GCC_OPTIONS='-v' '-o' 'CMakeFiles/cmTC_8d072.dir/CMakeCCompilerABI.c.o' '-c' '-mlittle-endian' '-mabi=lp64']
  ignore line: [ /usr/libexec/gcc/aarch64-poky-linux/9.3.0/cc1 -quiet -v /usr/share/cmake-3.16/Modules/CMakeCCompilerABI.c -quiet -dumpbase CMakeCCompilerABI.c -mlittle-endian -mabi=lp64 -auxbase-strip CMakeFiles/cmTC_8d072.dir/CMakeCCompilerABI.c.o -version -o /tmp/cchnespn.s]
  ignore line: [GNU C17 (GCC) version 9.3.0 (aarch64-poky-linux)]
  ignore line: [	compiled by GNU C version 9.3.0  GMP version 6.2.0  MPFR version 4.0.2  MPC version 1.1.0  isl version none]
  ignore line: [GGC heuristics: --param ggc-min-expand=100 --param ggc-min-heapsize=131072]
  ignore line: [ignoring nonexistent directory "/usr/lib/aarch64-poky-linux/9.3.0/include"]
  ignore line: [ignoring nonexistent directory "/usr/local/include"]
  ignore line: [ignoring nonexistent directory "/usr/lib/gcc/aarch64-poky-linux/9.3.0/../../../../aarch64-poky-linux/include"]
  ignore line: [#include "..." search starts here:]
  ignore line: [#include <...> search starts here:]
  ignore line: [ /usr/lib/gcc/aarch64-poky-linux/9.3.0/include]
  ignore line: [ /usr/lib/gcc/aarch64-poky-linux/9.3.0/include-fixed]
  ignore line: [ /usr/include]
  ignore line: [End of search list.]
  ignore line: [GNU C17 (GCC) version 9.3.0 (aarch64-poky-linux)]
  ignore line: [	compiled by GNU C version 9.3.0  GMP version 6.2.0  MPFR version 4.0.2  MPC version 1.1.0  isl version none]
  ignore line: [GGC heuristics: --param ggc-min-expand=100 --param ggc-min-heapsize=131072]
  ignore line: [Compiler executable checksum: 84119ba022179a7c71d1b7bf43b90fc1]
  ignore line: [COLLECT_GCC_OPTIONS='-v' '-o' 'CMakeFiles/cmTC_8d072.dir/CMakeCCompilerABI.c.o' '-c' '-mlittle-endian' '-mabi=lp64']
  ignore line: [ /usr/lib/gcc/aarch64-poky-linux/9.3.0/../../../../aarch64-poky-linux/bin/as -v -EL -mabi=lp64 -o CMakeFiles/cmTC_8d072.dir/CMakeCCompilerABI.c.o /tmp/cchnespn.s]
  ignore line: [GNU assembler version 2.34.0 (aarch64-poky-linux) using BFD version (GNU Binutils) 2.34.0.20200220]
  ignore line: [COMPILER_PATH=/usr/libexec/gcc/aarch64-poky-linux/9.3.0/:/usr/libexec/gcc/aarch64-poky-linux/9.3.0/:/usr/libexec/gcc/aarch64-poky-linux/:/usr/lib/gcc/aarch64-poky-linux/9.3.0/:/usr/lib/gcc/aarch64-poky-linux/:/usr/lib/gcc/aarch64-poky-linux/9.3.0/../../../../aarch64-poky-linux/bin/]
  ignore line: [LIBRARY_PATH=/usr/lib/gcc/aarch64-poky-linux/9.3.0/:/usr/lib/gcc/aarch64-poky-linux/9.3.0/../../../aarch64-poky-linux/9.3.0/:/usr/lib/gcc/aarch64-poky-linux/9.3.0/../../../:/lib/:/usr/lib/aarch64-poky-linux/9.3.0/:/usr/lib/]
  ignore line: [COLLECT_GCC_OPTIONS='-v' '-o' 'CMakeFiles/cmTC_8d072.dir/CMakeCCompilerABI.c.o' '-c' '-mlittle-endian' '-mabi=lp64']
  ignore line: [Linking C executable cmTC_8d072]
  ignore line: [/usr/bin/cmake -E cmake_link_script CMakeFiles/cmTC_8d072.dir/link.txt --verbose=1]
  ignore line: [/usr/bin/cc     -v -rdynamic CMakeFiles/cmTC_8d072.dir/CMakeCCompilerABI.c.o  -o cmTC_8d072 ]
  ignore line: [Using built-in specs.]
  ignore line: [COLLECT_GCC=/usr/bin/cc]
  ignore line: [COLLECT_LTO_WRAPPER=/usr/libexec/gcc/aarch64-poky-linux/9.3.0/lto-wrapper]
  ignore line: [Target: aarch64-poky-linux]
  ignore line: [Configured with: ../../../../../../work-shared/gcc-9.3.0-r0/gcc-9.3.0/configure --build=x86_64-linux --host=aarch64-poky-linux --target=aarch64-poky-linux --prefix=/usr --exec_prefix=/usr --bindir=/usr/bin --sbindir=/usr/sbin --libexecdir=/usr/libexec --datadir=/usr/share --sysconfdir=/etc --sharedstatedir=/com --localstatedir=/var --libdir=/usr/lib --includedir=/usr/include --oldincludedir=/usr/include --infodir=/usr/share/info --mandir=/usr/share/man --disable-silent-rules --disable-dependency-tracking --with-libtool-sysroot=/ --with-gnu-ld --enable-shared --enable-languages=c,c++ --enable-threads=posix --enable-multilib --enable-default-pie --enable-c99 --enable-long-long --enable-symvers=gnu --enable-libstdcxx-pch --program-prefix=aarch64-poky-linux- --without-local-prefix --disable-install-libiberty --enable-lto --disable-libssp --enable-libitm --disable-bootstrap --disable-libmudflap --with-system-zlib --with-linker-hash-style=gnu --enable-linker-build-id --with-ppl=no --with-cloog=no --enable-checking=release --enable-cheaders=c_global --without-isl --with-build-sysroot=/ --disable-static --enable-nls --with-glibc-version=2.28 --enable-initfini-array --enable-__cxa_atexit]
  ignore line: [Thread model: posix]
  ignore line: [gcc version 9.3.0 (GCC) ]
  ignore line: [COMPILER_PATH=/usr/libexec/gcc/aarch64-poky-linux/9.3.0/:/usr/libexec/gcc/aarch64-poky-linux/9.3.0/:/usr/libexec/gcc/aarch64-poky-linux/:/usr/lib/gcc/aarch64-poky-linux/9.3.0/:/usr/lib/gcc/aarch64-poky-linux/:/usr/lib/gcc/aarch64-poky-linux/9.3.0/../../../../aarch64-poky-linux/bin/]
  ignore line: [LIBRARY_PATH=/usr/lib/gcc/aarch64-poky-linux/9.3.0/:/usr/lib/gcc/aarch64-poky-linux/9.3.0/../../../aarch64-poky-linux/9.3.0/:/usr/lib/gcc/aarch64-poky-linux/9.3.0/../../../:/lib/:/usr/lib/aarch64-poky-linux/9.3.0/:/usr/lib/]
  ignore line: [COLLECT_GCC_OPTIONS='-v' '-rdynamic' '-o' 'cmTC_8d072' '-mlittle-endian' '-mabi=lp64']
  link line: [ /usr/libexec/gcc/aarch64-poky-linux/9.3.0/collect2 -plugin /usr/libexec/gcc/aarch64-poky-linux/9.3.0/liblto_plugin.so -plugin-opt=/usr/libexec/gcc/aarch64-poky-linux/9.3.0/lto-wrapper -plugin-opt=-fresolution=/tmp/ccM2Ts7L.res -plugin-opt=-pass-through=-lgcc -plugin-opt=-pass-through=-lgcc_s -plugin-opt=-pass-through=-lc -plugin-opt=-pass-through=-lgcc -plugin-opt=-pass-through=-lgcc_s --build-id --eh-frame-hdr --hash-style=gnu -export-dynamic -dynamic-linker /lib/ld-linux-aarch64.so.1 -X -EL -maarch64linux -pie -o cmTC_8d072 /usr/lib/gcc/aarch64-poky-linux/9.3.0/../../../Scrt1.o /usr/lib/gcc/aarch64-poky-linux/9.3.0/../../../crti.o /usr/lib/gcc/aarch64-poky-linux/9.3.0/../../../aarch64-poky-linux/9.3.0/crtbeginS.o -L/usr/lib/gcc/aarch64-poky-linux/9.3.0 -L/usr/lib/gcc/aarch64-poky-linux/9.3.0/../../../aarch64-poky-linux/9.3.0 -L/usr/lib/gcc/aarch64-poky-linux/9.3.0/../../.. -L/usr/lib/aarch64-poky-linux/9.3.0 CMakeFiles/cmTC_8d072.dir/CMakeCCompilerABI.c.o -lgcc --push-state --as-needed -lgcc_s --pop-state -lc -lgcc --push-state --as-needed -lgcc_s --pop-state /usr/lib/gcc/aarch64-poky-linux/9.3.0/../../../aarch64-poky-linux/9.3.0/crtendS.o /usr/lib/gcc/aarch64-poky-linux/9.3.0/../../../crtn.o]
    arg [/usr/libexec/gcc/aarch64-poky-linux/9.3.0/collect2] ==> ignore
    arg [-plugin] ==> ignore
    arg [/usr/libexec/gcc/aarch64-poky-linux/9.3.0/liblto_plugin.so] ==> ignore
    arg [-plugin-opt=/usr/libexec/gcc/aarch64-poky-linux/9.3.0/lto-wrapper] ==> ignore
    arg [-plugin-opt=-fresolution=/tmp/ccM2Ts7L.res] ==> ignore
    arg [-plugin-opt=-pass-through=-lgcc] ==> ignore
    arg [-plugin-opt=-pass-through=-lgcc_s] ==> ignore
    arg [-plugin-opt=-pass-through=-lc] ==> ignore
    arg [-plugin-opt=-pass-through=-lgcc] ==> ignore
    arg [-plugin-opt=-pass-through=-lgcc_s] ==> ignore
    arg [--build-id] ==> ignore
    arg [--eh-frame-hdr] ==> ignore
    arg [--hash-style=gnu] ==> ignore
    arg [-export-dynamic] ==> ignore
    arg [-dynamic-linker] ==> ignore
    arg [/lib/ld-linux-aarch64.so.1] ==> ignore
    arg [-X] ==> ignore
    arg [-EL] ==> ignore
    arg [-maarch64linux] ==> ignore
    arg [-pie] ==> ignore
    arg [-o] ==> ignore
    arg [cmTC_8d072] ==> ignore
    arg [/usr/lib/gcc/aarch64-poky-linux/9.3.0/../../../Scrt1.o] ==> ignore
    arg [/usr/lib/gcc/aarch64-poky-linux/9.3.0/../../../crti.o] ==> ignore
    arg [/usr/lib/gcc/aarch64-poky-linux/9.3.0/../../../aarch64-poky-linux/9.3.0/crtbeginS.o] ==> ignore
    arg [-L/usr/lib/gcc/aarch64-poky-linux/9.3.0] ==> dir [/usr/lib/gcc/aarch64-poky-linux/9.3.0]
    arg [-L/usr/lib/gcc/aarch64-poky-linux/9.3.0/../../../aarch64-poky-linux/9.3.0] ==> dir [/usr/lib/gcc/aarch64-poky-linux/9.3.0/../../../aarch64-poky-linux/9.3.0]
    arg [-L/usr/lib/gcc/aarch64-poky-linux/9.3.0/../../..] ==> dir [/usr/lib/gcc/aarch64-poky-linux/9.3.0/../../..]
    arg [-L/usr/lib/aarch64-poky-linux/9.3.0] ==> dir [/usr/lib/aarch64-poky-linux/9.3.0]
    arg [CMakeFiles/cmTC_8d072.dir/CMakeCCompilerABI.c.o] ==> ignore
    arg [-lgcc] ==> lib [gcc]
    arg [--push-state] ==> ignore
    arg [--as-needed] ==> ignore
    arg [-lgcc_s] ==> lib [gcc_s]
    arg [--pop-state] ==> ignore
    arg [-lc] ==> lib [c]
    arg [-lgcc] ==> lib [gcc]
    arg [--push-state] ==> ignore
    arg [--as-needed] ==> ignore
    arg [-lgcc_s] ==> lib [gcc_s]
    arg [--pop-state] ==> ignore
    arg [/usr/lib/gcc/aarch64-poky-linux/9.3.0/../../../aarch64-poky-linux/9.3.0/crtendS.o] ==> ignore
    arg [/usr/lib/gcc/aarch64-poky-linux/9.3.0/../../../crtn.o] ==> ignore
  collapse library dir [/usr/lib/gcc/aarch64-poky-linux/9.3.0] ==> [/usr/lib/gcc/aarch64-poky-linux/9.3.0]
  collapse library dir [/usr/lib/gcc/aarch64-poky-linux/9.3.0/../../../aarch64-poky-linux/9.3.0] ==> [/usr/lib/aarch64-poky-linux/9.3.0]
  collapse library dir [/usr/lib/gcc/aarch64-poky-linux/9.3.0/../../..] ==> [/usr/lib]
  collapse library dir [/usr/lib/aarch64-poky-linux/9.3.0] ==> [/usr/lib/aarch64-poky-linux/9.3.0]
  implicit libs: [gcc;gcc_s;c;gcc;gcc_s]
  implicit dirs: [/usr/lib/gcc/aarch64-poky-linux/9.3.0;/usr/lib/aarch64-poky-linux/9.3.0;/usr/lib]
  implicit fwks: []


